2024.04.06 13:46:11 INFO  Started: Metals version 1.2.2 in folders 'C:\Users\Samsung\OneDrive - bwedu\Studium\AIN\Semester 4\Software Engineering\SE-Kniffel' for client Visual Studio Code 1.88.0.
13:46:13.581 [pool-1-thread-2] INFO org.flywaydb.core.internal.license.VersionPrinter -- Flyway Community Edition 9.22.3 by Redgate
13:46:13.589 [pool-1-thread-2] INFO org.flywaydb.core.internal.license.VersionPrinter -- See release notes here: https://rd.gt/416ObMi
13:46:13.589 [pool-1-thread-2] INFO org.flywaydb.core.internal.license.VersionPrinter -- 
13:46:13.596 [pool-1-thread-2] DEBUG org.flywaydb.core.internal.scanner.classpath.ClassPathScanner -- Scanning for classpath resources at 'classpath:db/callback' ...
13:46:13.596 [pool-1-thread-2] DEBUG org.flywaydb.core.internal.scanner.classpath.ClassPathScanner -- Determining location urls for classpath:db/callback using ClassLoader jdk.internal.loader.ClassLoaders$AppClassLoader@73d16e93 ...
13:46:13.607 [pool-1-thread-2] DEBUG org.flywaydb.core.internal.scanner.classpath.ClassPathScanner -- Unable to resolve location classpath:db/callback.
13:46:13.607 [pool-1-thread-2] DEBUG org.flywaydb.core.internal.scanner.classpath.ClassPathScanner -- Scanning for classpath resources at 'classpath:db/migration' ...
13:46:13.607 [pool-1-thread-2] DEBUG org.flywaydb.core.internal.scanner.classpath.ClassPathScanner -- Determining location urls for classpath:db/migration using ClassLoader jdk.internal.loader.ClassLoaders$AppClassLoader@73d16e93 ...
13:46:13.608 [pool-1-thread-2] DEBUG org.flywaydb.core.internal.scanner.classpath.ClassPathScanner -- Scanning URL: jar:file:/C:/Users/Samsung/AppData/Local/Coursier/cache/v1/https/repo1.maven.org/maven2/org/scalameta/metals_2.13/1.2.2/metals_2.13-1.2.2.jar!/db/migration
13:46:13.614 [pool-1-thread-2] DEBUG org.flywaydb.core.internal.scanner.classpath.ClassPathScanner -- Found resource: db/migration/
13:46:13.614 [pool-1-thread-2] DEBUG org.flywaydb.core.internal.scanner.classpath.ClassPathScanner -- Found resource: db/migration/V1__Create_tables.sql
13:46:13.614 [pool-1-thread-2] DEBUG org.flywaydb.core.internal.scanner.classpath.ClassPathScanner -- Found resource: db/migration/V2__Server_discovery.sql
13:46:13.615 [pool-1-thread-2] DEBUG org.flywaydb.core.internal.scanner.classpath.ClassPathScanner -- Found resource: db/migration/V3__Jar_symbols.sql
13:46:13.615 [pool-1-thread-2] DEBUG org.flywaydb.core.internal.scanner.classpath.ClassPathScanner -- Found resource: db/migration/V4__Fingerprints.sql
13:46:13.615 [pool-1-thread-2] DEBUG org.flywaydb.core.internal.scanner.classpath.ClassPathScanner -- Scanning for classes at classpath:db/migration
13:46:13.628 [pool-1-thread-2] DEBUG org.flywaydb.core.internal.scanner.Scanner -- Filtering out resource: db/migration/ (filename: )
13:46:13.628 [pool-1-thread-2] DEBUG org.flywaydb.core.internal.resource.ResourceNameValidator -- Validating V1__Create_tables.sql
13:46:13.631 [pool-1-thread-2] DEBUG org.flywaydb.core.internal.resource.ResourceNameValidator -- Validating V3__Jar_symbols.sql
13:46:13.631 [pool-1-thread-2] DEBUG org.flywaydb.core.internal.resource.ResourceNameValidator -- Validating V2__Server_discovery.sql
13:46:13.631 [pool-1-thread-2] DEBUG org.flywaydb.core.internal.resource.ResourceNameValidator -- Validating V4__Fingerprints.sql
13:46:13.770 [pool-1-thread-2] INFO org.flywaydb.core.FlywayExecutor -- Database: jdbc:h2:file:C:\Users\Samsung\OneDrive - bwedu\Studium\AIN\Semester 4\Software Engineering\SE-Kniffel\.metals\metals (H2 2.2)
13:46:13.770 [pool-1-thread-2] DEBUG org.flywaydb.core.FlywayExecutor -- Driver: H2 JDBC Driver 2.2.224 (2023-09-17)
13:46:13.770 [pool-1-thread-2] DEBUG org.flywaydb.core.FlywayExecutor -- DDL Transactions Supported: false
13:46:13.771 [pool-1-thread-2] DEBUG org.flywaydb.core.internal.schemahistory.SchemaHistoryFactory -- Schemas: 
13:46:13.772 [pool-1-thread-2] DEBUG org.flywaydb.core.internal.schemahistory.SchemaHistoryFactory -- Default schema: null
13:46:13.780 [pool-1-thread-2] WARN org.flywaydb.core.internal.database.base.Database -- Flyway upgrade recommended: H2 2.2.224 is newer than this version of Flyway and support has not been tested. The latest supported version of H2 is 2.2.220.
13:46:13.782 [pool-1-thread-2] DEBUG org.flywaydb.core.internal.callback.SqlScriptCallbackFactory -- Scanning for SQL callbacks ...
13:46:13.782 [pool-1-thread-2] DEBUG org.flywaydb.core.internal.scanner.Scanner -- Filtering out resource: db/migration/ (filename: )
13:46:13.793 [pool-1-thread-2] DEBUG org.flywaydb.core.internal.command.DbValidate -- Validating migrations ...
13:46:13.801 [pool-1-thread-2] DEBUG org.flywaydb.core.internal.scanner.Scanner -- Filtering out resource: db/migration/ (filename: )
13:46:13.816 [pool-1-thread-2] DEBUG org.flywaydb.core.internal.scanner.Scanner -- Filtering out resource: db/migration/ (filename: )
13:46:13.816 [pool-1-thread-2] DEBUG org.flywaydb.core.internal.scanner.Scanner -- Filtering out resource: db/migration/V1__Create_tables.sql (filename: V1__Create_tables.sql)
13:46:13.816 [pool-1-thread-2] DEBUG org.flywaydb.core.internal.scanner.Scanner -- Filtering out resource: db/migration/V3__Jar_symbols.sql (filename: V3__Jar_symbols.sql)
13:46:13.816 [pool-1-thread-2] DEBUG org.flywaydb.core.internal.scanner.Scanner -- Filtering out resource: db/migration/V2__Server_discovery.sql (filename: V2__Server_discovery.sql)
13:46:13.816 [pool-1-thread-2] DEBUG org.flywaydb.core.internal.scanner.Scanner -- Filtering out resource: db/migration/V4__Fingerprints.sql (filename: V4__Fingerprints.sql)
13:46:13.817 [pool-1-thread-2] DEBUG org.flywaydb.core.internal.scanner.Scanner -- Filtering out resource: db/migration/ (filename: )
13:46:13.817 [pool-1-thread-2] DEBUG org.flywaydb.core.internal.scanner.Scanner -- Filtering out resource: db/migration/V1__Create_tables.sql (filename: V1__Create_tables.sql)
13:46:13.818 [pool-1-thread-2] DEBUG org.flywaydb.core.internal.scanner.Scanner -- Filtering out resource: db/migration/V3__Jar_symbols.sql (filename: V3__Jar_symbols.sql)
13:46:13.818 [pool-1-thread-2] DEBUG org.flywaydb.core.internal.scanner.Scanner -- Filtering out resource: db/migration/V2__Server_discovery.sql (filename: V2__Server_discovery.sql)
13:46:13.818 [pool-1-thread-2] DEBUG org.flywaydb.core.internal.scanner.Scanner -- Filtering out resource: db/migration/V4__Fingerprints.sql (filename: V4__Fingerprints.sql)
13:46:13.820 [pool-1-thread-2] INFO org.flywaydb.core.internal.schemahistory.JdbcTableSchemaHistory -- Schema history table "PUBLIC"."flyway_schema_history" does not exist yet
13:46:13.826 [pool-1-thread-2] INFO org.flywaydb.core.internal.command.DbValidate -- Successfully validated 4 migrations (execution time 00:00.031s)
13:46:13.830 [pool-1-thread-2] DEBUG org.flywaydb.core.internal.command.DbSchemas -- Skipping creation of existing schema: "PUBLIC"
13:46:13.836 [pool-1-thread-2] INFO org.flywaydb.core.internal.schemahistory.JdbcTableSchemaHistory -- Creating Schema History table "PUBLIC"."flyway_schema_history" ...
13:46:13.838 [pool-1-thread-2] DEBUG org.flywaydb.core.internal.parser.Parser -- Parsing  ...
13:46:13.852 [pool-1-thread-2] DEBUG org.flywaydb.core.internal.sqlscript.ParserSqlScript -- Found statement at line 1: CREATE TABLE IF NOT EXISTS "PUBLIC"."flyway_schema_history" (
    "installed_rank" INT NOT NULL,
    "version" VARCHAR(50),
    "description" VARCHAR(200) NOT NULL,
    "type" VARCHAR(20) NOT NULL,
    "script" VARCHAR(1000) NOT NULL,
    "checksum" INT,
    "installed_by" VARCHAR(100) NOT NULL,
    "installed_on" TIMESTAMP NOT NULL DEFAULT CURRENT_TIMESTAMP,
    "execution_time" INT NOT NULL,
    "success" BOOLEAN NOT NULL,
    CONSTRAINT "flyway_schema_history_pk" PRIMARY KEY ("installed_rank")
) AS SELECT -1, NULL, '<< Flyway Schema History table created >>', 'TABLE', '', NULL, 'SA', CURRENT_TIMESTAMP, 0, TRUE
13:46:13.853 [pool-1-thread-2] DEBUG org.flywaydb.core.internal.sqlscript.ParserSqlScript -- Found statement at line 14: CREATE INDEX "PUBLIC"."flyway_schema_history_s_idx" ON "PUBLIC"."flyway_schema_history" ("success")
13:46:13.854 [pool-1-thread-2] DEBUG org.flywaydb.core.internal.sqlscript.DefaultSqlScriptExecutor -- Executing SQL: CREATE TABLE IF NOT EXISTS "PUBLIC"."flyway_schema_history" (
    "installed_rank" INT NOT NULL,
    "version" VARCHAR(50),
    "description" VARCHAR(200) NOT NULL,
    "type" VARCHAR(20) NOT NULL,
    "script" VARCHAR(1000) NOT NULL,
    "checksum" INT,
    "installed_by" VARCHAR(100) NOT NULL,
    "installed_on" TIMESTAMP NOT NULL DEFAULT CURRENT_TIMESTAMP,
    "execution_time" INT NOT NULL,
    "success" BOOLEAN NOT NULL,
    CONSTRAINT "flyway_schema_history_pk" PRIMARY KEY ("installed_rank")
) AS SELECT -1, NULL, '<< Flyway Schema History table created >>', 'TABLE', '', NULL, 'SA', CURRENT_TIMESTAMP, 0, TRUE
13:46:13.859 [pool-1-thread-2] DEBUG org.flywaydb.core.internal.sqlscript.DefaultSqlScriptExecutor -- 0 rows affected
13:46:13.859 [pool-1-thread-2] DEBUG org.flywaydb.core.internal.sqlscript.DefaultSqlScriptExecutor -- Executing SQL: CREATE INDEX "PUBLIC"."flyway_schema_history_s_idx" ON "PUBLIC"."flyway_schema_history" ("success")
13:46:13.863 [pool-1-thread-2] DEBUG org.flywaydb.core.internal.sqlscript.DefaultSqlScriptExecutor -- 0 rows affected
13:46:13.864 [pool-1-thread-2] DEBUG org.flywaydb.core.internal.schemahistory.JdbcTableSchemaHistory -- Created Schema History table "PUBLIC"."flyway_schema_history"
13:46:13.873 [pool-1-thread-2] INFO org.flywaydb.core.internal.command.DbMigrate -- Current version of schema "PUBLIC": << Empty Schema >>
13:46:13.873 [pool-1-thread-2] DEBUG org.flywaydb.core.internal.parser.Parser -- Parsing V1__Create_tables.sql ...
13:46:13.876 [pool-1-thread-2] DEBUG org.flywaydb.core.internal.sqlscript.ParserSqlScript -- Found statement at line 4: -- The relationship between library dependency sources under .metals/readonly/**
-- and build targets they belong to. Required to know what classpath to use
-- for compiling dependency sources.
create table dependency_source(
  text_document_uri varchar primary key,
  build_target_uri varchar not null
)
13:46:13.877 [pool-1-thread-2] DEBUG org.flywaydb.core.internal.sqlscript.ParserSqlScript -- Found statement at line 12: -- The relationship between library dependency sources under .metals/readonly/**
-- and worksheets they belong to. Required to know what classpath to use
-- for compiling dependency sources.
create table worksheet_dependency_source(
  text_document_uri varchar primary key,
  worksheet_uri varchar not null
)
13:46:13.879 [pool-1-thread-2] DEBUG org.flywaydb.core.internal.sqlscript.ParserSqlScript -- Found statement at line 19: -- The relationship between what library dependency sources under .metals/readonly/**
-- map to which build targets.
create table sbt_digest(
  md5 varchar,
  status tinyint not null,
  when_recorded timestamp
)
13:46:13.880 [pool-1-thread-2] DEBUG org.flywaydb.core.internal.sqlscript.ParserSqlScript -- Found statement at line 27: -- Which window/showMessage and window/showMessageRequest dialogues have been dismissed
-- by the user via "Don't show again" or closed by clicking on "x".
create table dismissed_notification(
  id int,
  when_dismissed timestamp,
  when_expires timestamp
)
13:46:13.884 [pool-1-thread-2] DEBUG org.flywaydb.core.internal.sqlscript.ParserSqlScript -- Found statement at line 34: -- The choice of build tool when multiple build tool files are found in a workspace
create table chosen_build_tool(
  build_tool varchar primary key
)
13:46:13.887 [pool-1-thread-2] DEBUG org.flywaydb.core.internal.command.DbMigrate -- Starting migration of schema "PUBLIC" to version "1 - Create tables" ...
13:46:13.889 [pool-1-thread-2] INFO org.flywaydb.core.internal.command.DbMigrate -- Migrating schema "PUBLIC" to version "1 - Create tables"
13:46:13.891 [pool-1-thread-2] DEBUG org.flywaydb.core.internal.sqlscript.DefaultSqlScriptExecutor -- Executing SQL: -- The relationship between library dependency sources under .metals/readonly/**
-- and build targets they belong to. Required to know what classpath to use
-- for compiling dependency sources.
create table dependency_source(
  text_document_uri varchar primary key,
  build_target_uri varchar not null
)
13:46:13.894 [pool-1-thread-2] DEBUG org.flywaydb.core.internal.sqlscript.DefaultSqlScriptExecutor -- 0 rows affected
13:46:13.894 [pool-1-thread-2] DEBUG org.flywaydb.core.internal.sqlscript.DefaultSqlScriptExecutor -- Executing SQL: -- The relationship between library dependency sources under .metals/readonly/**
-- and worksheets they belong to. Required to know what classpath to use
-- for compiling dependency sources.
create table worksheet_dependency_source(
  text_document_uri varchar primary key,
  worksheet_uri varchar not null
)
13:46:13.896 [pool-1-thread-2] DEBUG org.flywaydb.core.internal.sqlscript.DefaultSqlScriptExecutor -- 0 rows affected
13:46:13.896 [pool-1-thread-2] DEBUG org.flywaydb.core.internal.sqlscript.DefaultSqlScriptExecutor -- Executing SQL: -- The relationship between what library dependency sources under .metals/readonly/**
-- map to which build targets.
create table sbt_digest(
  md5 varchar,
  status tinyint not null,
  when_recorded timestamp
)
13:46:13.898 [pool-1-thread-2] DEBUG org.flywaydb.core.internal.sqlscript.DefaultSqlScriptExecutor -- 0 rows affected
13:46:13.898 [pool-1-thread-2] DEBUG org.flywaydb.core.internal.sqlscript.DefaultSqlScriptExecutor -- Executing SQL: -- Which window/showMessage and window/showMessageRequest dialogues have been dismissed
-- by the user via "Don't show again" or closed by clicking on "x".
create table dismissed_notification(
  id int,
  when_dismissed timestamp,
  when_expires timestamp
)
13:46:13.900 [pool-1-thread-2] DEBUG org.flywaydb.core.internal.sqlscript.DefaultSqlScriptExecutor -- 0 rows affected
13:46:13.900 [pool-1-thread-2] DEBUG org.flywaydb.core.internal.sqlscript.DefaultSqlScriptExecutor -- Executing SQL: -- The choice of build tool when multiple build tool files are found in a workspace
create table chosen_build_tool(
  build_tool varchar primary key
)
13:46:13.902 [pool-1-thread-2] DEBUG org.flywaydb.core.internal.sqlscript.DefaultSqlScriptExecutor -- 0 rows affected
13:46:13.902 [pool-1-thread-2] DEBUG org.flywaydb.core.internal.command.DbMigrate -- Successfully completed migration of schema "PUBLIC" to version "1 - Create tables"
13:46:13.906 [pool-1-thread-2] DEBUG org.flywaydb.core.internal.schemahistory.JdbcTableSchemaHistory -- Schema History table "PUBLIC"."flyway_schema_history" successfully updated to reflect changes
13:46:13.913 [pool-1-thread-2] DEBUG org.flywaydb.core.internal.parser.Parser -- Parsing V2__Server_discovery.sql ...
13:46:13.918 [pool-1-thread-2] DEBUG org.flywaydb.core.internal.sqlscript.ParserSqlScript -- Found statement at line 4: -- For each unique combination of installed build servers we select one server.
-- The md5 checksum is computed from the names of the installed build servers, and
-- the selected server is the server which the user chose for this workspace.
create table chosen_build_server(
  md5 varchar primary key,
  selected_server varchar,
  when_recorded timestamp
)
13:46:13.918 [pool-1-thread-2] DEBUG org.flywaydb.core.internal.command.DbMigrate -- Starting migration of schema "PUBLIC" to version "2 - Server discovery" ...
13:46:13.919 [pool-1-thread-2] INFO org.flywaydb.core.internal.command.DbMigrate -- Migrating schema "PUBLIC" to version "2 - Server discovery"
13:46:13.920 [pool-1-thread-2] DEBUG org.flywaydb.core.internal.sqlscript.DefaultSqlScriptExecutor -- Executing SQL: -- For each unique combination of installed build servers we select one server.
-- The md5 checksum is computed from the names of the installed build servers, and
-- the selected server is the server which the user chose for this workspace.
create table chosen_build_server(
  md5 varchar primary key,
  selected_server varchar,
  when_recorded timestamp
)
13:46:13.921 [pool-1-thread-2] DEBUG org.flywaydb.core.internal.sqlscript.DefaultSqlScriptExecutor -- 0 rows affected
13:46:13.922 [pool-1-thread-2] DEBUG org.flywaydb.core.internal.command.DbMigrate -- Successfully completed migration of schema "PUBLIC" to version "2 - Server discovery"
13:46:13.925 [pool-1-thread-2] DEBUG org.flywaydb.core.internal.schemahistory.JdbcTableSchemaHistory -- Schema History table "PUBLIC"."flyway_schema_history" successfully updated to reflect changes
13:46:13.929 [pool-1-thread-2] DEBUG org.flywaydb.core.internal.parser.Parser -- Parsing V3__Jar_symbols.sql ...
13:46:13.931 [pool-1-thread-2] DEBUG org.flywaydb.core.internal.sqlscript.ParserSqlScript -- Found statement at line 2: -- Indexed jars, the MD5 digest of path, modified time and size as key
create table indexed_jar(
  id int auto_increment unique,
  md5 varchar primary key
)
13:46:13.932 [pool-1-thread-2] DEBUG org.flywaydb.core.internal.sqlscript.ParserSqlScript -- Found statement at line 7: -- Top Level Symbols per jar, allow for multiple jars with same symbols and paths
create table toplevel_symbol(
  symbol varchar not null,
  path varchar not null,
  jar int,
  foreign key (jar) references indexed_jar (id) on delete cascade,
  primary key (jar, path, symbol)
)
13:46:13.936 [pool-1-thread-2] DEBUG org.flywaydb.core.internal.sqlscript.ParserSqlScript -- Found statement at line 15: -- Create index to speedup lookup of jar symbols
create index toplevel_symbol_jar on toplevel_symbol(jar)
13:46:13.937 [pool-1-thread-2] DEBUG org.flywaydb.core.internal.command.DbMigrate -- Starting migration of schema "PUBLIC" to version "3 - Jar symbols" ...
13:46:13.938 [pool-1-thread-2] INFO org.flywaydb.core.internal.command.DbMigrate -- Migrating schema "PUBLIC" to version "3 - Jar symbols"
13:46:13.938 [pool-1-thread-2] DEBUG org.flywaydb.core.internal.sqlscript.DefaultSqlScriptExecutor -- Executing SQL: -- Indexed jars, the MD5 digest of path, modified time and size as key
create table indexed_jar(
  id int auto_increment unique,
  md5 varchar primary key
)
13:46:13.948 [pool-1-thread-2] DEBUG org.flywaydb.core.internal.sqlscript.DefaultSqlScriptExecutor -- 0 rows affected
13:46:13.948 [pool-1-thread-2] DEBUG org.flywaydb.core.internal.sqlscript.DefaultSqlScriptExecutor -- Executing SQL: -- Top Level Symbols per jar, allow for multiple jars with same symbols and paths
create table toplevel_symbol(
  symbol varchar not null,
  path varchar not null,
  jar int,
  foreign key (jar) references indexed_jar (id) on delete cascade,
  primary key (jar, path, symbol)
)
13:46:13.956 [pool-1-thread-2] DEBUG org.flywaydb.core.internal.sqlscript.DefaultSqlScriptExecutor -- 0 rows affected
13:46:13.957 [pool-1-thread-2] DEBUG org.flywaydb.core.internal.sqlscript.DefaultSqlScriptExecutor -- Executing SQL: -- Create index to speedup lookup of jar symbols
create index toplevel_symbol_jar on toplevel_symbol(jar)
13:46:13.959 [pool-1-thread-2] DEBUG org.flywaydb.core.internal.sqlscript.DefaultSqlScriptExecutor -- 0 rows affected
13:46:13.959 [pool-1-thread-2] DEBUG org.flywaydb.core.internal.command.DbMigrate -- Successfully completed migration of schema "PUBLIC" to version "3 - Jar symbols"
13:46:13.962 [pool-1-thread-2] DEBUG org.flywaydb.core.internal.schemahistory.JdbcTableSchemaHistory -- Schema History table "PUBLIC"."flyway_schema_history" successfully updated to reflect changes
13:46:13.967 [pool-1-thread-2] DEBUG org.flywaydb.core.internal.parser.Parser -- Parsing V4__Fingerprints.sql ...
13:46:13.969 [pool-1-thread-2] DEBUG org.flywaydb.core.internal.sqlscript.ParserSqlScript -- Found statement at line 2: -- Fingerprints saved between invocations
create table fingerprints(
  path varchar not null,
  text varchar not null,
  md5 varchar not null,
  id int auto_increment unique
)
13:46:13.970 [pool-1-thread-2] DEBUG org.flywaydb.core.internal.command.DbMigrate -- Starting migration of schema "PUBLIC" to version "4 - Fingerprints" ...
13:46:13.971 [pool-1-thread-2] INFO org.flywaydb.core.internal.command.DbMigrate -- Migrating schema "PUBLIC" to version "4 - Fingerprints"
13:46:13.971 [pool-1-thread-2] DEBUG org.flywaydb.core.internal.sqlscript.DefaultSqlScriptExecutor -- Executing SQL: -- Fingerprints saved between invocations
create table fingerprints(
  path varchar not null,
  text varchar not null,
  md5 varchar not null,
  id int auto_increment unique
)
13:46:13.974 [pool-1-thread-2] DEBUG org.flywaydb.core.internal.sqlscript.DefaultSqlScriptExecutor -- 0 rows affected
13:46:13.974 [pool-1-thread-2] DEBUG org.flywaydb.core.internal.command.DbMigrate -- Successfully completed migration of schema "PUBLIC" to version "4 - Fingerprints"
13:46:13.977 [pool-1-thread-2] DEBUG org.flywaydb.core.internal.schemahistory.JdbcTableSchemaHistory -- Schema History table "PUBLIC"."flyway_schema_history" successfully updated to reflect changes
13:46:13.986 [pool-1-thread-2] INFO org.flywaydb.core.internal.command.DbMigrate -- Successfully applied 4 migrations to schema "PUBLIC", now at version v4 (execution time 00:00.044s)
13:46:14.000 [pool-1-thread-2] DEBUG org.flywaydb.core.FlywayExecutor -- Memory usage: 73 of 148M
2024.04.06 13:46:14 WARN  Build server is not auto-connectable.
2024.04.06 13:46:18 INFO  running 'C:\Users\Samsung\AppData\Local\Coursier\cache\arc\https\github.com\adoptium\temurin17-binaries\releases\download\jdk-17%252B35\OpenJDK17-jdk_x64_windows_hotspot_17_35.zip\jdk-17+35\bin\java.exe -Djline.terminal=jline.UnsupportedTerminal -Dsbt.log.noformat=true -Dfile.encoding=UTF-8 -jar C:\Users\Samsung\AppData\Local\Temp\metals9588477225998804737\sbt-launch.jar -Dbloop.export-jar-classifiers=sources bloopInstall'
2024.04.06 13:46:27 INFO  [info] welcome to sbt 1.9.9 (Eclipse Adoptium Java 17)
2024.04.06 13:46:31 INFO  [info] loading settings for project se-kniffel-build-build from metals.sbt ...
2024.04.06 13:46:32 INFO  [info] loading project definition from C:\Users\Samsung\OneDrive - bwedu\Studium\AIN\Semester 4\Software Engineering\SE-Kniffel\se-kniffel\project\project
2024.04.06 13:46:36 INFO  [info] loading settings for project se-kniffel-build from metals.sbt ...
2024.04.06 13:46:36 INFO  [info] loading project definition from C:\Users\Samsung\OneDrive - bwedu\Studium\AIN\Semester 4\Software Engineering\SE-Kniffel\se-kniffel\project
2024.04.06 13:46:41 INFO  [success] Generated .bloop\se-kniffel-build.json
2024.04.06 13:46:41 INFO  [info] compiling 1 Scala source to C:\Users\Samsung\OneDrive - bwedu\Studium\AIN\Semester 4\Software Engineering\SE-Kniffel\se-kniffel\project\target\scala-2.12\sbt-1.0\classes ...
2024.04.06 13:46:41 INFO  [info] Non-compiled module 'compiler-bridge_2.12' for Scala 2.12.18. Compiling...
2024.04.06 13:46:48 INFO  no build target found for C:\Users\Samsung\OneDrive - bwedu\Studium\AIN\Semester 4\Software Engineering\SE-Kniffel\se-kniffel\build.sbt. Using presentation compiler with project's scala-library version: 3.3.1
2024.04.06 13:46:51 INFO  time: code lens generation in 10s
2024.04.06 13:46:58 INFO  [info]   Compilation completed in 17.08s.
2024.04.06 13:47:02 INFO  [info] done compiling
2024.04.06 13:47:02 INFO  [success] Total time: 26 s, completed 06.04.2024, 13:47:02
2024.04.06 13:47:05 INFO  [info] loading settings for project root from build.sbt ...
2024.04.06 13:47:05 INFO  [info] set current project to SE-Kniffel (in build file:/C:/Users/Samsung/OneDrive%20-%20bwedu/Studium/AIN/Semester%204/Software%20Engineering/SE-Kniffel/se-kniffel/)
2024.04.06 13:47:06 INFO  [success] Generated .bloop\root.json
2024.04.06 13:47:06 INFO  [success] Generated .bloop\root-test.json
2024.04.06 13:47:06 INFO  [success] Total time: 1 s, completed 06.04.2024, 13:47:06
2024.04.06 13:47:07 INFO  time: ran 'sbt bloopInstall' in 48s
2024.04.06 13:47:07 INFO  Attempting to connect to the build server...
2024.04.06 13:47:07 INFO  Bloop uses C:\Program Files\Microsoft\jdk-11.0.16.101-hotspot defined at C:\Users\Samsung\.bloop\bloop.json
2024.04.06 13:47:07 INFO  tracing is disabled for protocol BSP, to enable tracing of incoming and outgoing JSON messages create an empty file at C:\Users\Samsung\OneDrive - bwedu\Studium\AIN\Semester 4\Software Engineering\SE-Kniffel\.metals\bsp.trace.json or C:\Users\Samsung\AppData\Local\scalameta\metals\cache\bsp.trace.json
2024.04.06 13:47:07 INFO  time: Connected to build server in 0.26s
2024.04.06 13:47:07 INFO  Connected to Build server: Bloop v1.5.15
2024.04.06 13:47:14 INFO  time: indexed workspace in 6.67s
2024.04.06 13:47:14 WARN  no build target for: C:\Users\Samsung\OneDrive - bwedu\Studium\AIN\Semester 4\Software Engineering\SE-Kniffel\se-kniffel\build.sbt
2024.04.06 13:47:20 INFO  time: code lens generation in 6.16s
2024.04.07 16:43:40 INFO  Shutting down server
2024.04.07 16:43:40 INFO  shutting down Metals
2024.04.07 16:43:40 INFO  Exiting server
2024.04.08 02:10:30 INFO  Started: Metals version 1.2.2+118-7180b5c2-SNAPSHOT in folders 'C:\Users\Samsung\OneDrive - bwedu\Studium\AIN\Semester 4\Software Engineering\SE-Kniffel' for client Visual Studio Code 1.88.0.
SLF4J: Class path contains multiple SLF4J providers.
SLF4J: Found provider [scribe.slf4j.ScribeServiceProvider@1c63391f]
SLF4J: Found provider [ch.qos.logback.classic.spi.LogbackServiceProvider@7e812b86]
SLF4J: See https://www.slf4j.org/codes.html#multiple_bindings for an explanation.
SLF4J: Actual provider is of type [scribe.slf4j.ScribeServiceProvider@1c63391f]
2024.04.08 02:10:30 WARN  Flyway upgrade recommended: H2 2.2.224 is newer than this version of Flyway and support has not been tested. The latest supported version of H2 is 2.2.220.
2024.04.08 02:10:32 INFO  Attempting to connect to the build server...
2024.04.08 02:10:32 INFO  Replacing bloop java home C:\Program Files\Microsoft\jdk-11.0.16.101-hotspot with java home at C:\Users\Samsung\AppData\Local\Coursier\cache\arc\https\github.com\adoptium\temurin17-binaries\releases\download\jdk-17%252B35\OpenJDK17-jdk_x64_windows_hotspot_17_35.zip\jdk-17+35.
2024.04.08 02:10:32 INFO  tracing is disabled for protocol BSP, to enable tracing of incoming and outgoing JSON messages create an empty file at C:\Users\Samsung\OneDrive - bwedu\Studium\AIN\Semester 4\Software Engineering\SE-Kniffel\.metals\bsp.trace.json or C:\Users\Samsung\AppData\Local\scalameta\metals\cache\bsp.trace.json
2024.04.08 02:10:37 INFO  time: Connected to build server in 5.4s
2024.04.08 02:10:37 INFO  Connected to Build server: Bloop v1.5.15
2024.04.08 02:10:38 INFO  time: Imported build in 0.14s
2024.04.08 02:10:52 INFO  no build target found for C:\Users\Samsung\OneDrive - bwedu\Studium\AIN\Semester 4\Software Engineering\SE-Kniffel\se-kniffel\src\test\scala\example\kniffelSpec.scala. Using presentation compiler with project's scala-library version: 3.3.3
2024.04.08 02:10:58 INFO  time: indexed workspace in 6.1s
2024.04.08 02:10:58 WARN  Bloop is running with 11.0.16.1 but your code requires 17 to compile, this might cause some compilation issues when using JDK API unsupported by the Bloop's current JVM version
2024.04.08 02:10:58 INFO  compiling root (2 scala sources)
2024.04.08 02:11:03 WARN  Bloop is running with 11.0.16.1 but your code requires 17 to compile, this might cause some compilation issues when using JDK API unsupported by the Bloop's current JVM version
2024.04.08 02:11:03 INFO  compiling root-test (1 scala source)
2024.04.08 02:11:09 INFO  time: compiled root in 10s
2024.04.08 02:11:09 INFO  time: compiled root-test in 5.73s
2024.04.08 02:11:09 WARN  Bloop is running with 11.0.16.1 but your code requires 17 to compile, this might cause some compilation issues when using JDK API unsupported by the Bloop's current JVM version
2024.04.08 02:11:09 WARN  Bloop is running with 11.0.16.1 but your code requires 17 to compile, this might cause some compilation issues when using JDK API unsupported by the Bloop's current JVM version
2024.04.08 02:22:36 WARN  Bloop is running with 11.0.16.1 but your code requires 17 to compile, this might cause some compilation issues when using JDK API unsupported by the Bloop's current JVM version
2024.04.08 02:24:33 WARN  Bloop is running with 11.0.16.1 but your code requires 17 to compile, this might cause some compilation issues when using JDK API unsupported by the Bloop's current JVM version
2024.04.08 02:24:40 INFO  time: evaluated worksheet 'kniffel_worksheet.worksheet.sc' in 6.42s
2024.04.08 19:05:12 INFO  Shutting down server
2024.04.08 19:05:12 INFO  shutting down Metals
2024.04.08 19:05:12 ERROR build shutdown: bloop
java.util.concurrent.ExecutionException: org.eclipse.lsp4j.jsonrpc.JsonRpcException: java.io.IOException: Connection reset by peer
	at java.util.concurrent.CompletableFuture.reportGet(CompletableFuture.java:396)
	at java.util.concurrent.CompletableFuture.get(CompletableFuture.java:2096)
	at scala.meta.internal.metals.BuildServerConnection.$anonfun$shutdown$1(BuildServerConnection.scala:170)
	at scala.meta.internal.metals.BuildServerConnection.$anonfun$shutdown$1$adapted(BuildServerConnection.scala:167)
	at scala.concurrent.impl.Promise$Transformation.run(Promise.scala:467)
	at java.util.concurrent.ThreadPoolExecutor.runWorker(ThreadPoolExecutor.java:1136)
	at java.util.concurrent.ThreadPoolExecutor$Worker.run(ThreadPoolExecutor.java:635)
	at java.lang.Thread.run(Thread.java:833)
Caused by: org.eclipse.lsp4j.jsonrpc.JsonRpcException: java.io.IOException: Connection reset by peer
	at org.eclipse.lsp4j.jsonrpc.json.StreamMessageConsumer.consume(StreamMessageConsumer.java:72)
	at scala.meta.internal.metals.RequestMonitorImpl$$anon$1.consume(ServerLivenessMonitor.scala:41)
	at org.eclipse.lsp4j.jsonrpc.RemoteEndpoint.request(RemoteEndpoint.java:161)
	at org.eclipse.lsp4j.jsonrpc.services.EndpointProxy.invoke(EndpointProxy.java:91)
	at jdk.proxy2.$Proxy10.buildShutdown(null)
	at scala.meta.internal.metals.BuildServerConnection.$anonfun$shutdown$1(BuildServerConnection.scala:170)
	at scala.meta.internal.metals.BuildServerConnection.$anonfun$shutdown$1$adapted(BuildServerConnection.scala:167)
	at scala.concurrent.impl.Promise$Transformation.run(Promise.scala:467)
	at java.util.concurrent.ThreadPoolExecutor.runWorker(ThreadPoolExecutor.java:1136)
	at java.util.concurrent.ThreadPoolExecutor$Worker.run(ThreadPoolExecutor.java:635)
	at java.lang.Thread.run(Thread.java:833)
Caused by: java.io.IOException: Connection reset by peer
	at sun.nio.ch.SocketDispatcher.write0(Native Method)
	at sun.nio.ch.SocketDispatcher.write(SocketDispatcher.java:54)
	at sun.nio.ch.IOUtil.writeFromNativeBuffer(IOUtil.java:132)
	at sun.nio.ch.IOUtil.write(IOUtil.java:97)
	at sun.nio.ch.IOUtil.write(IOUtil.java:53)
	at sun.nio.ch.SocketChannelImpl.write(SocketChannelImpl.java:532)
	at sun.nio.ch.SinkChannelImpl.write(SinkChannelImpl.java:123)
	at java.nio.channels.Channels.writeFullyImpl(Channels.java:74)
	at java.nio.channels.Channels.writeFully(Channels.java:93)
	at java.nio.channels.Channels$1.write(Channels.java:171)
	at java.io.OutputStream.write(OutputStream.java:127)
	at java.nio.channels.Channels$1.write(Channels.java:151)
	at scala.meta.internal.metals.ClosableOutputStream.write(ClosableOutputStream.scala:26)
	at java.io.FilterOutputStream.write(FilterOutputStream.java:137)
	at java.io.FilterOutputStream.write(FilterOutputStream.java:108)
	at org.eclipse.lsp4j.jsonrpc.json.StreamMessageConsumer.consume(StreamMessageConsumer.java:68)
	at scala.meta.internal.metals.RequestMonitorImpl$$anon$1.consume(ServerLivenessMonitor.scala:41)
	at org.eclipse.lsp4j.jsonrpc.RemoteEndpoint.request(RemoteEndpoint.java:161)
	at org.eclipse.lsp4j.jsonrpc.services.EndpointProxy.invoke(EndpointProxy.java:91)
	at jdk.proxy2.$Proxy10.buildShutdown(null)
	at scala.meta.internal.metals.BuildServerConnection.$anonfun$shutdown$1(BuildServerConnection.scala:170)
	at scala.meta.internal.metals.BuildServerConnection.$anonfun$shutdown$1$adapted(BuildServerConnection.scala:167)
	at scala.concurrent.impl.Promise$Transformation.run(Promise.scala:467)
	at java.util.concurrent.ThreadPoolExecutor.runWorker(ThreadPoolExecutor.java:1136)
	at java.util.concurrent.ThreadPoolExecutor$Worker.run(ThreadPoolExecutor.java:635)
	at java.lang.Thread.run(Thread.java:833)

2024.04.08 19:05:12 INFO  Exiting server
2024.04.08 19:07:23 INFO  Started: Metals version 1.2.2+118-7180b5c2-SNAPSHOT in folders 'C:\Users\Samsung\OneDrive - bwedu\Studium\AIN\Semester 4\Software Engineering\SE-Kniffel' for client Visual Studio Code 1.88.0.
SLF4J: Class path contains multiple SLF4J providers.
SLF4J: Found provider [scribe.slf4j.ScribeServiceProvider@7e98ceb2]
SLF4J: Found provider [ch.qos.logback.classic.spi.LogbackServiceProvider@5485afc5]
SLF4J: See https://www.slf4j.org/codes.html#multiple_bindings for an explanation.
SLF4J: Actual provider is of type [scribe.slf4j.ScribeServiceProvider@7e98ceb2]
2024.04.08 19:07:23 WARN  Flyway upgrade recommended: H2 2.2.224 is newer than this version of Flyway and support has not been tested. The latest supported version of H2 is 2.2.220.
2024.04.08 19:07:24 INFO  Attempting to connect to the build server...
2024.04.08 19:07:24 INFO  tracing is disabled for protocol BSP, to enable tracing of incoming and outgoing JSON messages create an empty file at C:\Users\Samsung\OneDrive - bwedu\Studium\AIN\Semester 4\Software Engineering\SE-Kniffel\.metals\bsp.trace.json or C:\Users\Samsung\AppData\Local\scalameta\metals\cache\bsp.trace.json
2024.04.08 19:07:25 INFO  time: Connected to build server in 1.14s
2024.04.08 19:07:25 INFO  Connected to Build server: Bloop v1.5.15
2024.04.08 19:07:25 INFO  time: Imported build in 0.17s
2024.04.08 19:07:32 INFO  time: indexed workspace in 6.73s
2024.04.08 19:07:32 WARN  Bloop is running with 11.0.16.1 but your code requires 17 to compile, this might cause some compilation issues when using JDK API unsupported by the Bloop's current JVM version
2024.04.08 19:07:44 WARN  Bloop is running with 11.0.16.1 but your code requires 17 to compile, this might cause some compilation issues when using JDK API unsupported by the Bloop's current JVM version
2024.04.08 19:07:44 WARN  Bloop is running with 11.0.16.1 but your code requires 17 to compile, this might cause some compilation issues when using JDK API unsupported by the Bloop's current JVM version
2024.04.08 19:07:50 INFO  time: evaluated worksheet 'kniffel_worksheet.worksheet.sc' in 5.66s
2024.04.08 19:07:50 WARN  Bloop is running with 11.0.16.1 but your code requires 17 to compile, this might cause some compilation issues when using JDK API unsupported by the Bloop's current JVM version
2024.04.08 19:07:51 INFO  time: evaluated worksheet 'kniffel_worksheet.worksheet.sc' in 0.75s
2024.04.08 19:07:53 INFO  time: code lens generation in 2.27s
2024.04.08 19:07:53 INFO  time: code lens generation in 2.75s
2024.04.08 19:07:53 INFO  time: code lens generation in 2.75s
2024.04.08 19:07:53 INFO  time: code lens generation in 2.75s
2024.04.08 19:13:03 INFO  Shutting down server
2024.04.08 19:13:03 INFO  shutting down Metals
2024.04.08 19:13:03 INFO  Shut down connection with build server.
2024.04.08 19:13:03 INFO  Exiting server
2024.04.10 22:16:56 INFO  Started: Metals version 1.2.2+118-7180b5c2-SNAPSHOT in folders 'C:\Users\Samsung\OneDrive - bwedu\Studium\AIN\Semester 4\Software Engineering\SE-Kniffel' for client Visual Studio Code 1.88.0.
SLF4J: Class path contains multiple SLF4J providers.
SLF4J: Found provider [scribe.slf4j.ScribeServiceProvider@4f467f8d]
SLF4J: Found provider [ch.qos.logback.classic.spi.LogbackServiceProvider@117cd932]
SLF4J: See https://www.slf4j.org/codes.html#multiple_bindings for an explanation.
SLF4J: Actual provider is of type [scribe.slf4j.ScribeServiceProvider@4f467f8d]
2024.04.10 22:16:56 WARN  Flyway upgrade recommended: H2 2.2.224 is newer than this version of Flyway and support has not been tested. The latest supported version of H2 is 2.2.220.
2024.04.10 22:16:59 INFO  Attempting to connect to the build server...
2024.04.10 22:17:00 INFO  tracing is disabled for protocol BSP, to enable tracing of incoming and outgoing JSON messages create an empty file at C:\Users\Samsung\OneDrive - bwedu\Studium\AIN\Semester 4\Software Engineering\SE-Kniffel\.metals\bsp.trace.json or C:\Users\Samsung\AppData\Local\scalameta\metals\cache\bsp.trace.json
2024.04.10 22:17:00 INFO  time: Connected to build server in 1.17s
2024.04.10 22:17:00 INFO  Connected to Build server: Bloop v1.5.15
2024.04.10 22:17:00 INFO  time: Imported build in 0.17s
2024.04.10 22:17:18 INFO  no build target found for C:\Users\Samsung\OneDrive - bwedu\Studium\AIN\Semester 4\Software Engineering\SE-Kniffel\se-kniffel\src\main\scala\example\kniffel_worksheet.worksheet.sc. Using presentation compiler with project's scala-library version: 3.3.3
2024.04.10 22:17:27 INFO  time: indexed workspace in 8.83s
2024.04.10 22:17:27 WARN  Bloop is running with 11.0.16.1 but your code requires 17 to compile, this might cause some compilation issues when using JDK API unsupported by the Bloop's current JVM version
2024.04.10 22:17:38 WARN  Bloop is running with 11.0.16.1 but your code requires 17 to compile, this might cause some compilation issues when using JDK API unsupported by the Bloop's current JVM version
2024.04.10 22:17:38 WARN  Bloop is running with 11.0.16.1 but your code requires 17 to compile, this might cause some compilation issues when using JDK API unsupported by the Bloop's current JVM version
2024.04.10 22:17:45 INFO  time: evaluated worksheet 'kniffel_worksheet.worksheet.sc' in 7.21s
2024.04.10 22:17:45 WARN  Bloop is running with 11.0.16.1 but your code requires 17 to compile, this might cause some compilation issues when using JDK API unsupported by the Bloop's current JVM version
2024.04.10 22:17:45 INFO  time: evaluated worksheet 'kniffel_worksheet.worksheet.sc' in 0.71s
2024.04.10 22:17:48 INFO  time: code lens generation in 2.54s
2024.04.10 22:17:48 INFO  time: code lens generation in 3.03s
2024.04.10 22:17:48 INFO  time: code lens generation in 3.03s
2024.04.10 22:17:48 INFO  time: code lens generation in 3.03s
2024.04.10 22:17:53 WARN  Bloop is running with 11.0.16.1 but your code requires 17 to compile, this might cause some compilation issues when using JDK API unsupported by the Bloop's current JVM version
2024.04.10 22:17:53 WARN  Bloop is running with 11.0.16.1 but your code requires 17 to compile, this might cause some compilation issues when using JDK API unsupported by the Bloop's current JVM version
2024.04.10 22:17:59 WARN  Bloop is running with 11.0.16.1 but your code requires 17 to compile, this might cause some compilation issues when using JDK API unsupported by the Bloop's current JVM version
